<?xml version="1.0" encoding="UTF-8"?>
<!-- Generated by org.testng.reporters.JUnitReportReporter -->
<testsuite hostname="krishna-PC" name="com.crm.qa.tests.HomePageTest" tests="4" failures="0" timestamp="19 May 2018 21:26:08 GMT" time="319.141" errors="0">
  <testcase name="verifyHomePageTitleTest" time="74.635" classname="com.crm.qa.tests.HomePageTest"/>
  <testcase name="verifyContactLinkTest" time="73.102" classname="com.crm.qa.tests.HomePageTest"/>
  <testcase name="verifyUserLabelTest" time="83.490" classname="com.crm.qa.tests.HomePageTest"/>
  <testcase name="verifyNewContactLinkTest" time="87.914" classname="com.crm.qa.tests.HomePageTest"/>
</testsuite> <!-- com.crm.qa.tests.HomePageTest -->
