<?xml version="1.0" encoding="UTF-8"?>
<!-- Generated by org.testng.reporters.JUnitReportReporter -->
<testsuite hostname="krishna-PC" name="com.crm.qa.tests.LoginPageTest" tests="4" failures="0" timestamp="19 May 2018 21:26:08 GMT" time="224.260" errors="0">
  <testcase name="verifyCRMLogoTest" time="36.407" classname="com.crm.qa.tests.LoginPageTest"/>
  <testcase name="verifySignupLinkTest" time="75.337" classname="com.crm.qa.tests.LoginPageTest"/>
  <testcase name="verifyLoginPageTitleTest" time="46.614" classname="com.crm.qa.tests.LoginPageTest"/>
  <testcase name="VerifyLoginFuctionalityTest" time="65.902" classname="com.crm.qa.tests.LoginPageTest"/>
</testsuite> <!-- com.crm.qa.tests.LoginPageTest -->
